C:\Users\Mourjo\My Stuff\Documents\UNSA Docs\Sem 2\Image Processing\Bousseau\project\real_time_hatching\projectCode\part1\.\Debug\tp2.exe.intermediate.manifest
C:\Users\Mourjo\My Stuff\Documents\UNSA Docs\Sem 2\Image Processing\Bousseau\project\real_time_hatching\projectCode\part1\Debug\cl.command.1.tlog
C:\Users\Mourjo\My Stuff\Documents\UNSA Docs\Sem 2\Image Processing\Bousseau\project\real_time_hatching\projectCode\part1\Debug\CL.read.1.tlog
C:\Users\Mourjo\My Stuff\Documents\UNSA Docs\Sem 2\Image Processing\Bousseau\project\real_time_hatching\projectCode\part1\Debug\CL.write.1.tlog
C:\USERS\MOURJO\MY STUFF\DOCUMENTS\UNSA DOCS\SEM 2\IMAGE PROCESSING\BOUSSEAU\PROJECT\REAL_TIME_HATCHING\PROJECTCODE\PART1\DEBUG\GLEW.OBJ
C:\USERS\MOURJO\MY STUFF\DOCUMENTS\UNSA DOCS\SEM 2\IMAGE PROCESSING\BOUSSEAU\PROJECT\REAL_TIME_HATCHING\PROJECTCODE\PART1\DEBUG\GLSL.OBJ
C:\Users\Mourjo\My Stuff\Documents\UNSA Docs\Sem 2\Image Processing\Bousseau\project\real_time_hatching\projectCode\part1\Debug\link.command.1.tlog
C:\Users\Mourjo\My Stuff\Documents\UNSA Docs\Sem 2\Image Processing\Bousseau\project\real_time_hatching\projectCode\part1\Debug\link.read.1.tlog
C:\Users\Mourjo\My Stuff\Documents\UNSA Docs\Sem 2\Image Processing\Bousseau\project\real_time_hatching\projectCode\part1\Debug\link.write.1.tlog
C:\USERS\MOURJO\MY STUFF\DOCUMENTS\UNSA DOCS\SEM 2\IMAGE PROCESSING\BOUSSEAU\PROJECT\REAL_TIME_HATCHING\PROJECTCODE\PART1\DEBUG\PROJECTMAIN.OBJ
C:\USERS\MOURJO\MY STUFF\DOCUMENTS\UNSA DOCS\SEM 2\IMAGE PROCESSING\BOUSSEAU\PROJECT\REAL_TIME_HATCHING\PROJECTCODE\PART1\DEBUG\TEXTURE.OBJ
C:\Users\Mourjo\My Stuff\Documents\UNSA Docs\Sem 2\Image Processing\Bousseau\project\real_time_hatching\projectCode\part1\Debug\tp0.pdb
C:\Users\Mourjo\My Stuff\Documents\UNSA Docs\Sem 2\Image Processing\Bousseau\project\real_time_hatching\projectCode\part1\Debug\tp2.exe.intermediate.manifest
C:\Users\Mourjo\My Stuff\Documents\UNSA Docs\Sem 2\Image Processing\Bousseau\project\real_time_hatching\projectCode\part1\Debug\tp2.exp
C:\USERS\MOURJO\MY STUFF\DOCUMENTS\UNSA DOCS\SEM 2\IMAGE PROCESSING\BOUSSEAU\PROJECT\REAL_TIME_HATCHING\PROJECTCODE\PART1\DEBUG\TP2.OBJ
C:\Users\Mourjo\My Stuff\Documents\UNSA Docs\Sem 2\Image Processing\Bousseau\project\real_time_hatching\projectCode\part1\Debug\tp2.write.1.tlog
C:\USERS\MOURJO\MY STUFF\DOCUMENTS\UNSA DOCS\SEM 2\IMAGE PROCESSING\BOUSSEAU\PROJECT\REAL_TIME_HATCHING\PROJECTCODE\PART1\DEBUG\TRACKBALL.OBJ
C:\Users\Mourjo\My Stuff\Documents\UNSA Docs\Sem 2\Image Processing\Bousseau\project\real_time_hatching\projectCode\part1\Debug\vc100.idb
C:\USERS\MOURJO\MY STUFF\DOCUMENTS\UNSA DOCS\SEM 2\IMAGE PROCESSING\BOUSSEAU\PROJECT\REAL_TIME_HATCHING\PROJECTCODE\PART1\DEBUG\VC100.PDB
C:\USERS\MOURJO\MY STUFF\DOCUMENTS\UNSA DOCS\SEM 2\IMAGE PROCESSING\BOUSSEAU\PROJECT\REAL_TIME_HATCHING\PROJECTCODE\PART1\DEBUG\VERTEX.OBJ
