C:\Users\Mourjo\My Stuff\Documents\UNSA Docs\Sem 2\Image Processing\Bousseau\project\real_time_hatching\projectCode\part2\.\Debug\tp2.exe
C:\Users\Mourjo\My Stuff\Documents\UNSA Docs\Sem 2\Image Processing\Bousseau\project\real_time_hatching\projectCode\part2\.\Debug\tp2.exe.intermediate.manifest
C:\Users\Mourjo\My Stuff\Documents\UNSA Docs\Sem 2\Image Processing\Bousseau\project\real_time_hatching\projectCode\part2\Debug\cl.command.1.tlog
C:\Users\Mourjo\My Stuff\Documents\UNSA Docs\Sem 2\Image Processing\Bousseau\project\real_time_hatching\projectCode\part2\Debug\CL.read.1.tlog
C:\Users\Mourjo\My Stuff\Documents\UNSA Docs\Sem 2\Image Processing\Bousseau\project\real_time_hatching\projectCode\part2\Debug\CL.write.1.tlog
C:\USERS\MOURJO\MY STUFF\DOCUMENTS\UNSA DOCS\SEM 2\IMAGE PROCESSING\BOUSSEAU\PROJECT\REAL_TIME_HATCHING\PROJECTCODE\PART2\DEBUG\GLEW.OBJ
C:\USERS\MOURJO\MY STUFF\DOCUMENTS\UNSA DOCS\SEM 2\IMAGE PROCESSING\BOUSSEAU\PROJECT\REAL_TIME_HATCHING\PROJECTCODE\PART2\DEBUG\GLSL.OBJ
C:\Users\Mourjo\My Stuff\Documents\UNSA Docs\Sem 2\Image Processing\Bousseau\project\real_time_hatching\projectCode\part2\Debug\link.command.1.tlog
C:\Users\Mourjo\My Stuff\Documents\UNSA Docs\Sem 2\Image Processing\Bousseau\project\real_time_hatching\projectCode\part2\Debug\link.read.1.tlog
C:\Users\Mourjo\My Stuff\Documents\UNSA Docs\Sem 2\Image Processing\Bousseau\project\real_time_hatching\projectCode\part2\Debug\link.write.1.tlog
C:\Users\Mourjo\My Stuff\Documents\UNSA Docs\Sem 2\Image Processing\Bousseau\project\real_time_hatching\projectCode\part2\Debug\mt.command.1.tlog
C:\Users\Mourjo\My Stuff\Documents\UNSA Docs\Sem 2\Image Processing\Bousseau\project\real_time_hatching\projectCode\part2\Debug\mt.read.1.tlog
C:\Users\Mourjo\My Stuff\Documents\UNSA Docs\Sem 2\Image Processing\Bousseau\project\real_time_hatching\projectCode\part2\Debug\mt.write.1.tlog
C:\USERS\MOURJO\MY STUFF\DOCUMENTS\UNSA DOCS\SEM 2\IMAGE PROCESSING\BOUSSEAU\PROJECT\REAL_TIME_HATCHING\PROJECTCODE\PART2\DEBUG\TEXTURE.OBJ
C:\USERS\MOURJO\MY STUFF\DOCUMENTS\UNSA DOCS\SEM 2\IMAGE PROCESSING\BOUSSEAU\PROJECT\REAL_TIME_HATCHING\PROJECTCODE\PART2\DEBUG\TP0.PDB
C:\USERS\MOURJO\MY STUFF\DOCUMENTS\UNSA DOCS\SEM 2\IMAGE PROCESSING\BOUSSEAU\PROJECT\REAL_TIME_HATCHING\PROJECTCODE\PART2\DEBUG\TP2.EXE
C:\USERS\MOURJO\MY STUFF\DOCUMENTS\UNSA DOCS\SEM 2\IMAGE PROCESSING\BOUSSEAU\PROJECT\REAL_TIME_HATCHING\PROJECTCODE\PART2\DEBUG\TP2.EXE.INTERMEDIATE.MANIFEST
C:\Users\Mourjo\My Stuff\Documents\UNSA Docs\Sem 2\Image Processing\Bousseau\project\real_time_hatching\projectCode\part2\Debug\tp2.exp
C:\Users\Mourjo\My Stuff\Documents\UNSA Docs\Sem 2\Image Processing\Bousseau\project\real_time_hatching\projectCode\part2\Debug\tp2.lib
C:\Users\Mourjo\My Stuff\Documents\UNSA Docs\Sem 2\Image Processing\Bousseau\project\real_time_hatching\projectCode\part2\Debug\tp2.write.1.tlog
C:\USERS\MOURJO\MY STUFF\DOCUMENTS\UNSA DOCS\SEM 2\IMAGE PROCESSING\BOUSSEAU\PROJECT\REAL_TIME_HATCHING\PROJECTCODE\PART2\DEBUG\TP5 - COPY.OBJ
C:\USERS\MOURJO\MY STUFF\DOCUMENTS\UNSA DOCS\SEM 2\IMAGE PROCESSING\BOUSSEAU\PROJECT\REAL_TIME_HATCHING\PROJECTCODE\PART2\DEBUG\TRACKBALL.OBJ
C:\Users\Mourjo\My Stuff\Documents\UNSA Docs\Sem 2\Image Processing\Bousseau\project\real_time_hatching\projectCode\part2\Debug\vc100.idb
C:\USERS\MOURJO\MY STUFF\DOCUMENTS\UNSA DOCS\SEM 2\IMAGE PROCESSING\BOUSSEAU\PROJECT\REAL_TIME_HATCHING\PROJECTCODE\PART2\DEBUG\VC100.PDB
C:\USERS\MOURJO\MY STUFF\DOCUMENTS\UNSA DOCS\SEM 2\IMAGE PROCESSING\BOUSSEAU\PROJECT\REAL_TIME_HATCHING\PROJECTCODE\PART2\DEBUG\VERTEX.OBJ
